<?xml version="1.0" encoding="UTF-8"?>
<testsuite xmlns:xsi="http://www.w3.org/2001/XMLSchema-instance" xsi:noNamespaceSchemaLocation="https://maven.apache.org/surefire/maven-surefire-plugin/xsd/surefire-test-report-3.0.xsd" version="3.0" name="ie.atu.the_passenger.PassengerTest" time="0.123" tests="10" errors="0" skipped="0" failures="0">
  <properties>
    <property name="java.specification.version" value="15"/>
    <property name="sun.cpu.isalist" value="amd64"/>
    <property name="sun.jnu.encoding" value="Cp1252"/>
    <property name="java.class.path" value="C:\Users\Shannon\OneDrive - Atlantic TU\Year 3\CICD\ThePassenger\target\test-classes;C:\Users\Shannon\OneDrive - Atlantic TU\Year 3\CICD\ThePassenger\target\classes;C:\Users\Shannon\.m2\repository\org\junit\jupiter\junit-jupiter-api\5.9.1\junit-jupiter-api-5.9.1.jar;C:\Users\Shannon\.m2\repository\org\opentest4j\opentest4j\1.2.0\opentest4j-1.2.0.jar;C:\Users\Shannon\.m2\repository\org\junit\platform\junit-platform-commons\1.9.1\junit-platform-commons-1.9.1.jar;C:\Users\Shannon\.m2\repository\org\apiguardian\apiguardian-api\1.1.2\apiguardian-api-1.1.2.jar;C:\Users\Shannon\.m2\repository\org\junit\jupiter\junit-jupiter-engine\5.9.1\junit-jupiter-engine-5.9.1.jar;C:\Users\Shannon\.m2\repository\org\junit\platform\junit-platform-engine\1.9.1\junit-platform-engine-1.9.1.jar;"/>
    <property name="java.vm.vendor" value="Azul Systems, Inc."/>
    <property name="sun.arch.data.model" value="64"/>
    <property name="user.variant" value=""/>
    <property name="java.vendor.url" value="http://www.azul.com/"/>
    <property name="user.timezone" value="Europe/Dublin"/>
    <property name="os.name" value="Windows 11"/>
    <property name="java.vm.specification.version" value="15"/>
    <property name="sun.java.launcher" value="SUN_STANDARD"/>
    <property name="user.country" value="IE"/>
    <property name="sun.boot.library.path" value="C:\Users\Shannon\.jdks\azul-15.0.9\bin"/>
    <property name="sun.java.command" value="C:\Users\Shannon\AppData\Local\Temp\surefire15909765648044158681\surefirebooter-20221101212946213_3.jar C:\Users\Shannon\AppData\Local\Temp\surefire15909765648044158681 2022-11-01T21-29-45_540-jvmRun1 surefire-20221101212946213_1tmp surefire_0-20221101212946213_2tmp"/>
    <property name="jdk.debug" value="release"/>
    <property name="surefire.test.class.path" value="C:\Users\Shannon\OneDrive - Atlantic TU\Year 3\CICD\ThePassenger\target\test-classes;C:\Users\Shannon\OneDrive - Atlantic TU\Year 3\CICD\ThePassenger\target\classes;C:\Users\Shannon\.m2\repository\org\junit\jupiter\junit-jupiter-api\5.9.1\junit-jupiter-api-5.9.1.jar;C:\Users\Shannon\.m2\repository\org\opentest4j\opentest4j\1.2.0\opentest4j-1.2.0.jar;C:\Users\Shannon\.m2\repository\org\junit\platform\junit-platform-commons\1.9.1\junit-platform-commons-1.9.1.jar;C:\Users\Shannon\.m2\repository\org\apiguardian\apiguardian-api\1.1.2\apiguardian-api-1.1.2.jar;C:\Users\Shannon\.m2\repository\org\junit\jupiter\junit-jupiter-engine\5.9.1\junit-jupiter-engine-5.9.1.jar;C:\Users\Shannon\.m2\repository\org\junit\platform\junit-platform-engine\1.9.1\junit-platform-engine-1.9.1.jar;"/>
    <property name="sun.cpu.endian" value="little"/>
    <property name="user.home" value="C:\Users\Shannon"/>
    <property name="user.language" value="en"/>
    <property name="java.specification.vendor" value="Oracle Corporation"/>
    <property name="java.version.date" value="2022-10-18"/>
    <property name="java.home" value="C:\Users\Shannon\.jdks\azul-15.0.9"/>
    <property name="file.separator" value="\"/>
    <property name="basedir" value="C:\Users\Shannon\OneDrive - Atlantic TU\Year 3\CICD\ThePassenger"/>
    <property name="java.vm.compressedOopsMode" value="Zero based"/>
    <property name="line.separator" value="&#10;"/>
    <property name="java.vm.specification.vendor" value="Oracle Corporation"/>
    <property name="java.specification.name" value="Java Platform API Specification"/>
    <property name="surefire.real.class.path" value="C:\Users\Shannon\AppData\Local\Temp\surefire15909765648044158681\surefirebooter-20221101212946213_3.jar"/>
    <property name="user.script" value=""/>
    <property name="sun.management.compiler" value="HotSpot 64-Bit Tiered Compilers"/>
    <property name="java.runtime.version" value="15.0.9+5-MTS"/>
    <property name="user.name" value="Shannon"/>
    <property name="path.separator" value=";"/>
    <property name="os.version" value="10.0"/>
    <property name="java.runtime.name" value="OpenJDK Runtime Environment"/>
    <property name="file.encoding" value="Cp1252"/>
    <property name="java.vm.name" value="OpenJDK 64-Bit Server VM"/>
    <property name="java.vendor.version" value="Zulu15.44+13-CA"/>
    <property name="localRepository" value="C:\Users\Shannon\.m2\repository"/>
    <property name="java.vendor.url.bug" value="http://www.azul.com/support/"/>
    <property name="java.io.tmpdir" value="C:\Users\Shannon\AppData\Local\Temp\"/>
    <property name="idea.version" value="2021.3.2"/>
    <property name="java.version" value="15.0.9"/>
    <property name="user.dir" value="C:\Users\Shannon\OneDrive - Atlantic TU\Year 3\CICD\ThePassenger"/>
    <property name="os.arch" value="amd64"/>
    <property name="java.vm.specification.name" value="Java Virtual Machine Specification"/>
    <property name="sun.os.patch.level" value=""/>
    <property name="java.library.path" value="C:\Users\Shannon\.jdks\azul-15.0.9\bin;C:\WINDOWS\Sun\Java\bin;C:\WINDOWS\system32;C:\WINDOWS;C:\Users\Shannon\OneDrive - Atlantic TU\Year 3\Linux\VMware\bin\;C:\Program Files\Common Files\Oracle\Java\javapath;C:\Windows\system32;C:\Windows;C:\Windows\System32\Wbem;C:\Windows\System32\WindowsPowerShell\v1.0\;C:\Windows\System32\OpenSSH\;C:\Program Files (x86)\NVIDIA Corporation\PhysX\Common;C:\Program Files\NVIDIA Corporation\NVIDIA NvDLISR;C:\WINDOWS\system32;C:\WINDOWS;C:\WINDOWS\System32\Wbem;C:\WINDOWS\System32\WindowsPowerShell\v1.0\;C:\WINDOWS\System32\OpenSSH\;C:\Program Files\Git\cmd;C:\Users\Shannon\AppData\Local\Microsoft\WindowsApps;;C:\Users\Shannon\AppData\Local\Programs\Microsoft VS Code\bin;."/>
    <property name="java.vm.info" value="mixed mode, sharing"/>
    <property name="java.vendor" value="Azul Systems, Inc."/>
    <property name="java.vm.version" value="15.0.9+5-MTS"/>
    <property name="sun.io.unicode.encoding" value="UnicodeLittle"/>
    <property name="java.class.version" value="59.0"/>
  </properties>
  <testcase name="test_success_name_check" classname="ie.atu.the_passenger.PassengerTest" time="0.065"/>
  <testcase name="test_fail_title_check" classname="ie.atu.the_passenger.PassengerTest" time="0.004"/>
  <testcase name="test_fail_success_name_check" classname="ie.atu.the_passenger.PassengerTest" time="0.002"/>
  <testcase name="test_fail_id_check" classname="ie.atu.the_passenger.PassengerTest" time="0.002"/>
  <testcase name="test_success_phoneno_check" classname="ie.atu.the_passenger.PassengerTest" time="0.001"/>
  <testcase name="test_fail_age_check" classname="ie.atu.the_passenger.PassengerTest" time="0.001"/>
  <testcase name="test_success_id_check" classname="ie.atu.the_passenger.PassengerTest" time="0.001"/>
  <testcase name="test_success_age_check" classname="ie.atu.the_passenger.PassengerTest" time="0.001"/>
  <testcase name="test_success_title_check" classname="ie.atu.the_passenger.PassengerTest" time="0.001"/>
  <testcase name="test_fail_phoneno_check" classname="ie.atu.the_passenger.PassengerTest" time="0.001"/>
</testsuite>